2022-01-23 04:22:35 [scrapy.utils.log] INFO: Scrapy 2.5.1 started (bot: first_project)
2022-01-23 04:22:35 [scrapy.utils.log] INFO: Versions: lxml 4.7.1.0, libxml2 2.9.12, cssselect 1.1.0, parsel 1.6.0, w3lib 1.22.0, Twisted 21.7.0, Python 3.10.0 (tags/v3.10.0:b494f59, Oct  4 2021, 19:00:18) [MSC v.1929 64 bit (AMD64)], pyOpenSSL 21.0.0 (OpenSSL 1.1.1m  14 Dec 2021), cryptography 36.0.1, Platform Windows-10-10.0.19043-SP0
2022-01-23 04:22:35 [scrapy.utils.log] DEBUG: Using reactor: twisted.internet.selectreactor.SelectReactor
2022-01-23 04:22:35 [scrapy.crawler] INFO: Overridden settings:
{'BOT_NAME': 'first_project',
 'LOG_FILE': 'logfile.log',
 'NEWSPIDER_MODULE': 'first_project.spiders',
 'ROBOTSTXT_OBEY': True,
 'SPIDER_MODULES': ['first_project.spiders']}
2022-01-23 04:22:35 [scrapy.extensions.telnet] INFO: Telnet Password: ff7a417efffc9b30
2022-01-23 04:22:35 [scrapy.middleware] INFO: Enabled extensions:
['scrapy.extensions.corestats.CoreStats',
 'scrapy.extensions.telnet.TelnetConsole',
 'scrapy.extensions.feedexport.FeedExporter',
 'scrapy.extensions.logstats.LogStats']
2022-01-23 04:22:35 [scrapy.middleware] INFO: Enabled downloader middlewares:
['scrapy.downloadermiddlewares.robotstxt.RobotsTxtMiddleware',
 'scrapy.downloadermiddlewares.httpauth.HttpAuthMiddleware',
 'scrapy.downloadermiddlewares.downloadtimeout.DownloadTimeoutMiddleware',
 'scrapy.downloadermiddlewares.defaultheaders.DefaultHeadersMiddleware',
 'scrapy.downloadermiddlewares.useragent.UserAgentMiddleware',
 'scrapy.downloadermiddlewares.retry.RetryMiddleware',
 'scrapy.downloadermiddlewares.redirect.MetaRefreshMiddleware',
 'scrapy.downloadermiddlewares.httpcompression.HttpCompressionMiddleware',
 'scrapy.downloadermiddlewares.redirect.RedirectMiddleware',
 'scrapy.downloadermiddlewares.cookies.CookiesMiddleware',
 'scrapy.downloadermiddlewares.httpproxy.HttpProxyMiddleware',
 'scrapy.downloadermiddlewares.stats.DownloaderStats']
2022-01-23 04:22:35 [scrapy.middleware] INFO: Enabled spider middlewares:
['scrapy.spidermiddlewares.httperror.HttpErrorMiddleware',
 'scrapy.spidermiddlewares.offsite.OffsiteMiddleware',
 'scrapy.spidermiddlewares.referer.RefererMiddleware',
 'scrapy.spidermiddlewares.urllength.UrlLengthMiddleware',
 'scrapy.spidermiddlewares.depth.DepthMiddleware']
2022-01-23 04:22:35 [scrapy.middleware] INFO: Enabled item pipelines:
[]
2022-01-23 04:22:35 [scrapy.core.engine] INFO: Spider opened
2022-01-23 04:22:35 [scrapy.extensions.logstats] INFO: Crawled 0 pages (at 0 pages/min), scraped 0 items (at 0 items/min)
2022-01-23 04:22:35 [scrapy.extensions.telnet] INFO: Telnet console listening on 127.0.0.1:6023
2022-01-23 04:22:37 [scrapy.core.engine] DEBUG: Crawled (404) <GET https://quotes.toscrape.com/robots.txt> (referer: None)
2022-01-23 04:22:38 [scrapy.core.engine] DEBUG: Crawled (200) <GET https://quotes.toscrape.com/> (referer: None)
2022-01-23 04:22:38 [Author1] INFO: PROceesed author Albert Einstein
2022-01-23 04:22:38 [Author1] INFO: PROceesed author J.K. Rowling
2022-01-23 04:22:38 [Author1] INFO: PROceesed author Albert Einstein
2022-01-23 04:22:38 [scrapy.dupefilters] DEBUG: Filtered duplicate request: <GET https://quotes.toscrape.com/author/Albert-Einstein> - no more duplicates will be shown (see DUPEFILTER_DEBUG to show all duplicates)
2022-01-23 04:22:38 [Author1] INFO: PROceesed author Jane Austen
2022-01-23 04:22:38 [Author1] INFO: PROceesed author Marilyn Monroe
2022-01-23 04:22:38 [Author1] INFO: PROceesed author Albert Einstein
2022-01-23 04:22:38 [Author1] INFO: PROceesed author André Gide
2022-01-23 04:22:38 [Author1] INFO: PROceesed author Thomas A. Edison
2022-01-23 04:22:38 [Author1] INFO: PROceesed author Eleanor Roosevelt
2022-01-23 04:22:38 [Author1] INFO: PROceesed author Steve Martin
2022-01-23 04:22:38 [scrapy.downloadermiddlewares.redirect] DEBUG: Redirecting (308) to <GET http://quotes.toscrape.com/author/J-K-Rowling/> from <GET https://quotes.toscrape.com/author/J-K-Rowling>
2022-01-23 04:22:39 [scrapy.downloadermiddlewares.redirect] DEBUG: Redirecting (308) to <GET http://quotes.toscrape.com/author/Andre-Gide/> from <GET https://quotes.toscrape.com/author/Andre-Gide>
2022-01-23 04:22:39 [scrapy.downloadermiddlewares.redirect] DEBUG: Redirecting (308) to <GET http://quotes.toscrape.com/author/Jane-Austen/> from <GET https://quotes.toscrape.com/author/Jane-Austen>
2022-01-23 04:22:39 [scrapy.downloadermiddlewares.redirect] DEBUG: Redirecting (308) to <GET http://quotes.toscrape.com/author/Steve-Martin/> from <GET https://quotes.toscrape.com/author/Steve-Martin>
2022-01-23 04:22:39 [scrapy.downloadermiddlewares.redirect] DEBUG: Redirecting (308) to <GET http://quotes.toscrape.com/author/Thomas-A-Edison/> from <GET https://quotes.toscrape.com/author/Thomas-A-Edison>
2022-01-23 04:22:40 [scrapy.core.engine] DEBUG: Crawled (200) <GET http://quotes.toscrape.com/author/J-K-Rowling/> (referer: None)
2022-01-23 04:22:40 [scrapy.core.engine] DEBUG: Crawled (200) <GET http://quotes.toscrape.com/author/Andre-Gide/> (referer: None)
2022-01-23 04:22:40 [scrapy.core.engine] DEBUG: Crawled (200) <GET http://quotes.toscrape.com/author/Jane-Austen/> (referer: None)
2022-01-23 04:22:40 [scrapy.core.scraper] DEBUG: Scraped from <200 http://quotes.toscrape.com/author/J-K-Rowling/>

{'author': 'J.K. Rowling',
 'author_url': 'https://quotes.toscrape.com/author/J-K-Rowling',
 'dob': 'July 31, 1965',
 'quote': '“It is our choices, Harry, that show what we truly are, far more '
          'than our abilities.”'}
2022-01-23 04:22:40 [scrapy.downloadermiddlewares.redirect] DEBUG: Redirecting (308) to <GET http://quotes.toscrape.com/author/Albert-Einstein/> from <GET https://quotes.toscrape.com/author/Albert-Einstein>
2022-01-23 04:22:40 [scrapy.core.scraper] DEBUG: Scraped from <200 http://quotes.toscrape.com/author/Andre-Gide/>

{'author': 'André Gide',
 'author_url': 'https://quotes.toscrape.com/author/Andre-Gide',
 'dob': 'November 22, 1869',
 'quote': '“It is better to be hated for what you are than to be loved for '
          'what you are not.”'}
2022-01-23 04:22:40 [scrapy.core.scraper] DEBUG: Scraped from <200 http://quotes.toscrape.com/author/Jane-Austen/>

{'author': 'Jane Austen',
 'author_url': 'https://quotes.toscrape.com/author/Jane-Austen',
 'dob': 'December 16, 1775',
 'quote': '“The person, be it gentleman or lady, who has not pleasure in a '
          'good novel, must be intolerably stupid.”'}
2022-01-23 04:22:40 [scrapy.core.engine] DEBUG: Crawled (200) <GET http://quotes.toscrape.com/author/Thomas-A-Edison/> (referer: None)
2022-01-23 04:22:40 [scrapy.core.engine] DEBUG: Crawled (200) <GET http://quotes.toscrape.com/author/Steve-Martin/> (referer: None)
2022-01-23 04:22:40 [scrapy.core.engine] DEBUG: Crawled (200) <GET https://quotes.toscrape.com/page/2/> (referer: https://quotes.toscrape.com/)
2022-01-23 04:22:40 [scrapy.downloadermiddlewares.redirect] DEBUG: Redirecting (308) to <GET http://quotes.toscrape.com/author/Marilyn-Monroe/> from <GET https://quotes.toscrape.com/author/Marilyn-Monroe>
2022-01-23 04:22:40 [scrapy.core.scraper] DEBUG: Scraped from <200 http://quotes.toscrape.com/author/Thomas-A-Edison/>

{'author': 'Thomas A. Edison',
 'author_url': 'https://quotes.toscrape.com/author/Thomas-A-Edison',
 'dob': 'February 11, 1847',
 'quote': "“I have not failed. I've just found 10,000 ways that won't work.”"}
2022-01-23 04:22:40 [scrapy.core.engine] DEBUG: Crawled (200) <GET http://quotes.toscrape.com/author/Albert-Einstein/> (referer: None)
2022-01-23 04:22:40 [scrapy.downloadermiddlewares.redirect] DEBUG: Redirecting (308) to <GET http://quotes.toscrape.com/author/Eleanor-Roosevelt/> from <GET https://quotes.toscrape.com/author/Eleanor-Roosevelt>
2022-01-23 04:22:40 [scrapy.core.scraper] DEBUG: Scraped from <200 http://quotes.toscrape.com/author/Steve-Martin/>

{'author': 'Steve Martin',
 'author_url': 'https://quotes.toscrape.com/author/Steve-Martin',
 'dob': 'August 14, 1945',
 'quote': '“A day without sunshine is like, you know, night.”'}
2022-01-23 04:22:40 [Author1] INFO: PROceesed author Marilyn Monroe
2022-01-23 04:22:40 [Author1] INFO: PROceesed author J.K. Rowling
2022-01-23 04:22:40 [Author1] INFO: PROceesed author Albert Einstein
2022-01-23 04:22:40 [Author1] INFO: PROceesed author Bob Marley
2022-01-23 04:22:40 [Author1] INFO: PROceesed author Dr. Seuss
2022-01-23 04:22:40 [Author1] INFO: PROceesed author Douglas Adams
2022-01-23 04:22:40 [Author1] INFO: PROceesed author Elie Wiesel
2022-01-23 04:22:40 [Author1] INFO: PROceesed author Friedrich Nietzsche
2022-01-23 04:22:40 [Author1] INFO: PROceesed author Mark Twain
2022-01-23 04:22:40 [scrapy.core.scraper] DEBUG: Scraped from <200 http://quotes.toscrape.com/author/Albert-Einstein/>

{'author': 'Albert Einstein',
 'author_url': 'https://quotes.toscrape.com/author/Albert-Einstein',
 'dob': 'March 14, 1879',
 'quote': '“The world as we have created it is a process of our thinking. It '
          'cannot be changed without changing our thinking.”'}
2022-01-23 04:22:40 [Author1] INFO: PROceesed author Allen Saunders
2022-01-23 04:22:40 [scrapy.core.engine] DEBUG: Crawled (200) <GET http://quotes.toscrape.com/author/Marilyn-Monroe/> (referer: None)
2022-01-23 04:22:40 [scrapy.core.engine] DEBUG: Crawled (200) <GET http://quotes.toscrape.com/author/Eleanor-Roosevelt/> (referer: None)
2022-01-23 04:22:41 [scrapy.core.scraper] DEBUG: Scraped from <200 http://quotes.toscrape.com/author/Marilyn-Monroe/>

{'author': 'Marilyn Monroe',
 'author_url': 'https://quotes.toscrape.com/author/Marilyn-Monroe',
 'dob': 'June 01, 1926',
 'quote': "“Imperfection is beauty, madness is genius and it's better to be "
          'absolutely ridiculous than absolutely boring.”'}
2022-01-23 04:22:41 [scrapy.downloadermiddlewares.redirect] DEBUG: Redirecting (308) to <GET http://quotes.toscrape.com/author/Friedrich-Nietzsche/> from <GET https://quotes.toscrape.com/author/Friedrich-Nietzsche>
2022-01-23 04:22:41 [scrapy.core.scraper] DEBUG: Scraped from <200 http://quotes.toscrape.com/author/Eleanor-Roosevelt/>

{'author': 'Eleanor Roosevelt',
 'author_url': 'https://quotes.toscrape.com/author/Eleanor-Roosevelt',
 'dob': 'October 11, 1884',
 'quote': '“A woman is like a tea bag; you never know how strong it is until '
          "it's in hot water.”"}
2022-01-23 04:22:41 [scrapy.downloadermiddlewares.redirect] DEBUG: Redirecting (308) to <GET http://quotes.toscrape.com/author/Elie-Wiesel/> from <GET https://quotes.toscrape.com/author/Elie-Wiesel>
2022-01-23 04:22:41 [scrapy.downloadermiddlewares.redirect] DEBUG: Redirecting (308) to <GET http://quotes.toscrape.com/author/Dr-Seuss/> from <GET https://quotes.toscrape.com/author/Dr-Seuss>
2022-01-23 04:22:41 [scrapy.downloadermiddlewares.redirect] DEBUG: Redirecting (308) to <GET http://quotes.toscrape.com/author/Bob-Marley/> from <GET https://quotes.toscrape.com/author/Bob-Marley>
2022-01-23 04:22:41 [scrapy.downloadermiddlewares.redirect] DEBUG: Redirecting (308) to <GET http://quotes.toscrape.com/author/Douglas-Adams/> from <GET https://quotes.toscrape.com/author/Douglas-Adams>
2022-01-23 04:22:41 [scrapy.downloadermiddlewares.redirect] DEBUG: Redirecting (308) to <GET http://quotes.toscrape.com/author/Mark-Twain/> from <GET https://quotes.toscrape.com/author/Mark-Twain>
2022-01-23 04:22:41 [scrapy.core.engine] DEBUG: Crawled (200) <GET https://quotes.toscrape.com/page/3/> (referer: https://quotes.toscrape.com/page/2/)
2022-01-23 04:22:41 [scrapy.downloadermiddlewares.redirect] DEBUG: Redirecting (308) to <GET http://quotes.toscrape.com/author/Allen-Saunders/> from <GET https://quotes.toscrape.com/author/Allen-Saunders>
2022-01-23 04:22:41 [Author1] INFO: PROceesed author Pablo Neruda
2022-01-23 04:22:41 [Author1] INFO: PROceesed author Ralph Waldo Emerson
2022-01-23 04:22:41 [Author1] INFO: PROceesed author Mother Teresa
2022-01-23 04:22:41 [Author1] INFO: PROceesed author Garrison Keillor
2022-01-23 04:22:41 [Author1] INFO: PROceesed author Jim Henson
2022-01-23 04:22:41 [Author1] INFO: PROceesed author Dr. Seuss
2022-01-23 04:22:41 [scrapy.core.engine] DEBUG: Crawled (200) <GET http://quotes.toscrape.com/author/Dr-Seuss/> (referer: None)
2022-01-23 04:22:41 [scrapy.core.engine] DEBUG: Crawled (200) <GET http://quotes.toscrape.com/author/Elie-Wiesel/> (referer: None)
2022-01-23 04:22:41 [scrapy.core.engine] DEBUG: Crawled (200) <GET http://quotes.toscrape.com/author/Friedrich-Nietzsche/> (referer: None)
2022-01-23 04:22:41 [scrapy.core.engine] DEBUG: Crawled (200) <GET http://quotes.toscrape.com/author/Mark-Twain/> (referer: None)
2022-01-23 04:22:41 [Author1] INFO: PROceesed author Albert Einstein
2022-01-23 04:22:41 [Author1] INFO: PROceesed author J.K. Rowling
2022-01-23 04:22:41 [Author1] INFO: PROceesed author Albert Einstein
2022-01-23 04:22:41 [Author1] INFO: PROceesed author Bob Marley
2022-01-23 04:22:41 [scrapy.core.scraper] DEBUG: Scraped from <200 http://quotes.toscrape.com/author/Dr-Seuss/>

{'author': 'Dr. Seuss',
 'author_url': 'https://quotes.toscrape.com/author/Dr-Seuss',
 'dob': 'March 02, 1904',
 'quote': '“I like nonsense, it wakes up the brain cells. Fantasy is a '
          'necessary ingredient in living.”'}
2022-01-23 04:22:41 [scrapy.core.scraper] DEBUG: Scraped from <200 http://quotes.toscrape.com/author/Friedrich-Nietzsche/>

{'author': 'Friedrich Nietzsche',
 'author_url': 'https://quotes.toscrape.com/author/Friedrich-Nietzsche',
 'dob': 'October 15, 1844',
 'quote': '“It is not a lack of love, but a lack of friendship that makes '
          'unhappy marriages.”'}
2022-01-23 04:22:41 [scrapy.core.scraper] DEBUG: Scraped from <200 http://quotes.toscrape.com/author/Mark-Twain/>

{'author': 'Mark Twain',
 'author_url': 'https://quotes.toscrape.com/author/Mark-Twain',
 'dob': 'November 30, 1835',
 'quote': '“Good friends, good books, and a sleepy conscience: this is the '
          'ideal life.”'}
2022-01-23 04:22:41 [scrapy.core.scraper] DEBUG: Scraped from <200 http://quotes.toscrape.com/author/Elie-Wiesel/>

{'author': 'Elie Wiesel',
 'author_url': 'https://quotes.toscrape.com/author/Elie-Wiesel',
 'dob': 'September 30, 1928',
 'quote': "“The opposite of love is not hate, it's indifference. The opposite "
          "of art is not ugliness, it's indifference. The opposite of faith is "
          "not heresy, it's indifference. And the opposite of life is not "
          "death, it's indifference.”"}
2022-01-23 04:22:41 [scrapy.downloadermiddlewares.redirect] DEBUG: Redirecting (308) to <GET http://quotes.toscrape.com/author/Mother-Teresa/> from <GET https://quotes.toscrape.com/author/Mother-Teresa>
2022-01-23 04:22:41 [scrapy.core.engine] DEBUG: Crawled (200) <GET http://quotes.toscrape.com/author/Douglas-Adams/> (referer: None)
2022-01-23 04:22:41 [scrapy.downloadermiddlewares.redirect] DEBUG: Redirecting (308) to <GET http://quotes.toscrape.com/author/Ralph-Waldo-Emerson/> from <GET https://quotes.toscrape.com/author/Ralph-Waldo-Emerson>
2022-01-23 04:22:41 [scrapy.downloadermiddlewares.redirect] DEBUG: Redirecting (308) to <GET http://quotes.toscrape.com/author/Pablo-Neruda/> from <GET https://quotes.toscrape.com/author/Pablo-Neruda>
2022-01-23 04:22:41 [scrapy.downloadermiddlewares.redirect] DEBUG: Redirecting (308) to <GET http://quotes.toscrape.com/author/Garrison-Keillor/> from <GET https://quotes.toscrape.com/author/Garrison-Keillor>
2022-01-23 04:22:41 [scrapy.core.engine] DEBUG: Crawled (200) <GET http://quotes.toscrape.com/author/Bob-Marley/> (referer: None)
2022-01-23 04:22:41 [scrapy.downloadermiddlewares.redirect] DEBUG: Redirecting (308) to <GET http://quotes.toscrape.com/author/Jim-Henson/> from <GET https://quotes.toscrape.com/author/Jim-Henson>
2022-01-23 04:22:41 [scrapy.core.scraper] DEBUG: Scraped from <200 http://quotes.toscrape.com/author/Douglas-Adams/>

{'author': 'Douglas Adams',
 'author_url': 'https://quotes.toscrape.com/author/Douglas-Adams',
 'dob': 'March 11, 1952',
 'quote': '“I may not have gone where I intended to go, but I think I have '
          'ended up where I needed to be.”'}
2022-01-23 04:22:41 [scrapy.core.scraper] DEBUG: Scraped from <200 http://quotes.toscrape.com/author/Bob-Marley/>

{'author': 'Bob Marley',
 'author_url': 'https://quotes.toscrape.com/author/Bob-Marley',
 'dob': 'February 06, 1945',
 'quote': '“You may not be her first, her last, or her only. She loved before '
          'she may love again. But if she loves you now, what else matters? '
          "She's not perfect—you aren't either, and the two of you may never "
          'be perfect together but if she can make you laugh, cause you to '
          'think twice, and admit to being human and making mistakes, hold '
          'onto her and give her the most you can. She may not be thinking '
          'about you every second of the day, but she will give you a part of '
          "her that she knows you can break—her heart. So don't hurt her, "
          "don't change her, don't analyze and don't expect more than she can "
          'give. Smile when she makes you happy, let her know when she makes '
          "you mad, and miss her when she's not there.”"}
2022-01-23 04:22:41 [scrapy.core.engine] DEBUG: Crawled (200) <GET http://quotes.toscrape.com/author/Allen-Saunders/> (referer: None)
2022-01-23 04:22:41 [scrapy.core.scraper] DEBUG: Scraped from <200 http://quotes.toscrape.com/author/Allen-Saunders/>

{'author': 'Allen Saunders',
 'author_url': 'https://quotes.toscrape.com/author/Allen-Saunders',
 'dob': 'April 24, 1899',
 'quote': '“Life is what happens to us while we are making other plans.”'}
2022-01-23 04:22:42 [scrapy.core.engine] DEBUG: Crawled (200) <GET https://quotes.toscrape.com/page/4/> (referer: https://quotes.toscrape.com/page/3/)
2022-01-23 04:22:42 [scrapy.core.engine] DEBUG: Crawled (200) <GET http://quotes.toscrape.com/author/Mother-Teresa/> (referer: None)
2022-01-23 04:22:42 [scrapy.core.engine] DEBUG: Crawled (200) <GET http://quotes.toscrape.com/author/Jim-Henson/> (referer: None)
2022-01-23 04:22:42 [scrapy.core.engine] DEBUG: Crawled (200) <GET http://quotes.toscrape.com/author/Ralph-Waldo-Emerson/> (referer: None)
2022-01-23 04:22:42 [scrapy.core.engine] DEBUG: Crawled (200) <GET http://quotes.toscrape.com/author/Pablo-Neruda/> (referer: None)
2022-01-23 04:22:42 [scrapy.core.engine] DEBUG: Crawled (200) <GET http://quotes.toscrape.com/author/Garrison-Keillor/> (referer: None)
2022-01-23 04:22:42 [Author1] INFO: PROceesed author Dr. Seuss
2022-01-23 04:22:42 [Author1] INFO: PROceesed author J.K. Rowling
2022-01-23 04:22:42 [Author1] INFO: PROceesed author Bob Marley
2022-01-23 04:22:42 [scrapy.core.scraper] DEBUG: Scraped from <200 http://quotes.toscrape.com/author/Mother-Teresa/>

{'author': 'Mother Teresa',
 'author_url': 'https://quotes.toscrape.com/author/Mother-Teresa',
 'dob': 'August 26, 1910',
 'quote': '“If you judge people, you have no time to love them.”'}
2022-01-23 04:22:42 [Author1] INFO: PROceesed author Mother Teresa
2022-01-23 04:22:42 [Author1] INFO: PROceesed author J.K. Rowling
2022-01-23 04:22:42 [Author1] INFO: PROceesed author Charles M. Schulz
2022-01-23 04:22:42 [Author1] INFO: PROceesed author William Nicholson
2022-01-23 04:22:42 [Author1] INFO: PROceesed author Albert Einstein
2022-01-23 04:22:42 [Author1] INFO: PROceesed author Jorge Luis Borges
2022-01-23 04:22:42 [Author1] INFO: PROceesed author George Eliot
2022-01-23 04:22:42 [scrapy.core.scraper] DEBUG: Scraped from <200 http://quotes.toscrape.com/author/Pablo-Neruda/>

{'author': 'Pablo Neruda',
 'author_url': 'https://quotes.toscrape.com/author/Pablo-Neruda',
 'dob': 'July 12, 1904',
 'quote': '“I love you without knowing how, or when, or from where. I love you '
          'simply, without problems or pride: I love you in this way because I '
          'do not know any other way of loving but this, in which there is no '
          'I or you, so intimate that your hand upon my chest is my hand, so '
          'intimate that when I fall asleep your eyes close.”'}
2022-01-23 04:22:42 [scrapy.core.scraper] DEBUG: Scraped from <200 http://quotes.toscrape.com/author/Garrison-Keillor/>

{'author': 'Garrison Keillor',
 'author_url': 'https://quotes.toscrape.com/author/Garrison-Keillor',
 'dob': 'August 07, 1942',
 'quote': '“Anyone who thinks sitting in church can make you a Christian must '
          'also think that sitting in a garage can make you a car.”'}
2022-01-23 04:22:42 [scrapy.core.scraper] DEBUG: Scraped from <200 http://quotes.toscrape.com/author/Jim-Henson/>

{'author': 'Jim Henson',
 'author_url': 'https://quotes.toscrape.com/author/Jim-Henson',
 'dob': 'September 24, 1936',
 'quote': '“Beauty is in the eye of the beholder and it may be necessary from '
          'time to time to give a stupid or misinformed beholder a black eye.”'}
2022-01-23 04:22:42 [scrapy.core.scraper] DEBUG: Scraped from <200 http://quotes.toscrape.com/author/Ralph-Waldo-Emerson/>

{'author': 'Ralph Waldo Emerson',
 'author_url': 'https://quotes.toscrape.com/author/Ralph-Waldo-Emerson',
 'dob': 'May 25, 1803',
 'quote': '“For every minute you are angry you lose sixty seconds of '
          'happiness.”'}
2022-01-23 04:22:42 [scrapy.downloadermiddlewares.redirect] DEBUG: Redirecting (308) to <GET http://quotes.toscrape.com/author/William-Nicholson/> from <GET https://quotes.toscrape.com/author/William-Nicholson>
2022-01-23 04:22:42 [scrapy.downloadermiddlewares.redirect] DEBUG: Redirecting (308) to <GET http://quotes.toscrape.com/author/Jorge-Luis-Borges/> from <GET https://quotes.toscrape.com/author/Jorge-Luis-Borges>
2022-01-23 04:22:42 [scrapy.downloadermiddlewares.redirect] DEBUG: Redirecting (308) to <GET http://quotes.toscrape.com/author/George-Eliot/> from <GET https://quotes.toscrape.com/author/George-Eliot>
2022-01-23 04:22:42 [scrapy.downloadermiddlewares.redirect] DEBUG: Redirecting (308) to <GET http://quotes.toscrape.com/author/Charles-M-Schulz/> from <GET https://quotes.toscrape.com/author/Charles-M-Schulz>
2022-01-23 04:22:42 [scrapy.core.engine] DEBUG: Crawled (200) <GET http://quotes.toscrape.com/author/William-Nicholson/> (referer: None)
2022-01-23 04:22:42 [scrapy.core.engine] DEBUG: Crawled (200) <GET http://quotes.toscrape.com/author/George-Eliot/> (referer: None)
2022-01-23 04:22:42 [scrapy.core.engine] DEBUG: Crawled (200) <GET http://quotes.toscrape.com/author/Charles-M-Schulz/> (referer: None)
2022-01-23 04:22:42 [scrapy.core.engine] DEBUG: Crawled (200) <GET http://quotes.toscrape.com/author/Jorge-Luis-Borges/> (referer: None)
2022-01-23 04:22:42 [scrapy.core.engine] DEBUG: Crawled (200) <GET https://quotes.toscrape.com/page/5/> (referer: https://quotes.toscrape.com/page/4/)
2022-01-23 04:22:42 [scrapy.core.scraper] DEBUG: Scraped from <200 http://quotes.toscrape.com/author/George-Eliot/>

{'author': 'George Eliot',
 'author_url': 'https://quotes.toscrape.com/author/George-Eliot',
 'dob': 'November 22, 1819',
 'quote': '“It is never too late to be what you might have been.”'}
2022-01-23 04:22:42 [scrapy.core.scraper] DEBUG: Scraped from <200 http://quotes.toscrape.com/author/William-Nicholson/>

{'author': 'William Nicholson',
 'author_url': 'https://quotes.toscrape.com/author/William-Nicholson',
 'dob': 'January 12, 1948',
 'quote': "“We read to know we're not alone.”"}
2022-01-23 04:22:42 [scrapy.core.scraper] DEBUG: Scraped from <200 http://quotes.toscrape.com/author/Jorge-Luis-Borges/>

{'author': 'Jorge Luis Borges',
 'author_url': 'https://quotes.toscrape.com/author/Jorge-Luis-Borges',
 'dob': 'August 24, 1899',
 'quote': '“I have always imagined that Paradise will be a kind of library.”'}
2022-01-23 04:22:42 [scrapy.core.scraper] DEBUG: Scraped from <200 http://quotes.toscrape.com/author/Charles-M-Schulz/>

{'author': 'Charles M. Schulz',
 'author_url': 'https://quotes.toscrape.com/author/Charles-M-Schulz',
 'dob': 'November 26, 1922',
 'quote': "“All you need is love. But a little chocolate now and then doesn't "
          'hurt.”'}
2022-01-23 04:22:42 [Author1] INFO: PROceesed author George R.R. Martin
2022-01-23 04:22:42 [Author1] INFO: PROceesed author C.S. Lewis
2022-01-23 04:22:42 [Author1] INFO: PROceesed author Marilyn Monroe
2022-01-23 04:22:42 [Author1] INFO: PROceesed author Marilyn Monroe
2022-01-23 04:22:42 [Author1] INFO: PROceesed author Albert Einstein
2022-01-23 04:22:42 [Author1] INFO: PROceesed author Marilyn Monroe
2022-01-23 04:22:42 [Author1] INFO: PROceesed author Marilyn Monroe
2022-01-23 04:22:42 [Author1] INFO: PROceesed author Martin Luther King Jr.
2022-01-23 04:22:42 [Author1] INFO: PROceesed author J.K. Rowling
2022-01-23 04:22:42 [Author1] INFO: PROceesed author James Baldwin
2022-01-23 04:22:43 [scrapy.downloadermiddlewares.redirect] DEBUG: Redirecting (308) to <GET http://quotes.toscrape.com/author/C-S-Lewis/> from <GET https://quotes.toscrape.com/author/C-S-Lewis>
2022-01-23 04:22:43 [scrapy.downloadermiddlewares.redirect] DEBUG: Redirecting (308) to <GET http://quotes.toscrape.com/author/Martin-Luther-King-Jr/> from <GET https://quotes.toscrape.com/author/Martin-Luther-King-Jr>
2022-01-23 04:22:43 [scrapy.downloadermiddlewares.redirect] DEBUG: Redirecting (308) to <GET http://quotes.toscrape.com/author/James-Baldwin/> from <GET https://quotes.toscrape.com/author/James-Baldwin>
2022-01-23 04:22:43 [scrapy.downloadermiddlewares.redirect] DEBUG: Redirecting (308) to <GET http://quotes.toscrape.com/author/George-R-R-Martin/> from <GET https://quotes.toscrape.com/author/George-R-R-Martin>
2022-01-23 04:22:43 [scrapy.core.engine] DEBUG: Crawled (200) <GET https://quotes.toscrape.com/page/6/> (referer: https://quotes.toscrape.com/page/5/)
2022-01-23 04:22:43 [Author1] INFO: PROceesed author Jane Austen
2022-01-23 04:22:43 [Author1] INFO: PROceesed author Eleanor Roosevelt
2022-01-23 04:22:43 [Author1] INFO: PROceesed author Marilyn Monroe
2022-01-23 04:22:43 [Author1] INFO: PROceesed author Albert Einstein
2022-01-23 04:22:43 [Author1] INFO: PROceesed author Haruki Murakami
2022-01-23 04:22:43 [Author1] INFO: PROceesed author Alexandre Dumas fils
2022-01-23 04:22:43 [Author1] INFO: PROceesed author Stephenie Meyer
2022-01-23 04:22:43 [Author1] INFO: PROceesed author Ernest Hemingway
2022-01-23 04:22:43 [Author1] INFO: PROceesed author Helen Keller
2022-01-23 04:22:43 [Author1] INFO: PROceesed author George Bernard Shaw
2022-01-23 04:22:43 [scrapy.core.engine] DEBUG: Crawled (200) <GET http://quotes.toscrape.com/author/Martin-Luther-King-Jr/> (referer: None)
2022-01-23 04:22:43 [scrapy.core.engine] DEBUG: Crawled (200) <GET http://quotes.toscrape.com/author/James-Baldwin/> (referer: None)
2022-01-23 04:22:43 [scrapy.core.engine] DEBUG: Crawled (200) <GET http://quotes.toscrape.com/author/C-S-Lewis/> (referer: None)
2022-01-23 04:22:43 [scrapy.core.engine] DEBUG: Crawled (200) <GET http://quotes.toscrape.com/author/George-R-R-Martin/> (referer: None)
2022-01-23 04:22:43 [scrapy.core.scraper] DEBUG: Scraped from <200 http://quotes.toscrape.com/author/Martin-Luther-King-Jr/>

{'author': 'Martin Luther King Jr.',
 'author_url': 'https://quotes.toscrape.com/author/Martin-Luther-King-Jr',
 'dob': 'January 15, 1929',
 'quote': '“Only in the darkness can you see the stars.”'}
2022-01-23 04:22:43 [scrapy.core.scraper] DEBUG: Scraped from <200 http://quotes.toscrape.com/author/James-Baldwin/>

{'author': 'James Baldwin',
 'author_url': 'https://quotes.toscrape.com/author/James-Baldwin',
 'dob': 'August 02, 1924',
 'quote': '“Love does not begin and end the way we seem to think it does. Love '
          'is a battle, love is a war; love is a growing up.”'}
2022-01-23 04:22:43 [scrapy.downloadermiddlewares.redirect] DEBUG: Redirecting (308) to <GET http://quotes.toscrape.com/author/Helen-Keller/> from <GET https://quotes.toscrape.com/author/Helen-Keller>
2022-01-23 04:22:43 [scrapy.downloadermiddlewares.redirect] DEBUG: Redirecting (308) to <GET http://quotes.toscrape.com/author/Alexandre-Dumas-fils/> from <GET https://quotes.toscrape.com/author/Alexandre-Dumas-fils>
2022-01-23 04:22:43 [scrapy.downloadermiddlewares.redirect] DEBUG: Redirecting (308) to <GET http://quotes.toscrape.com/author/Stephenie-Meyer/> from <GET https://quotes.toscrape.com/author/Stephenie-Meyer>
2022-01-23 04:22:43 [scrapy.downloadermiddlewares.redirect] DEBUG: Redirecting (308) to <GET http://quotes.toscrape.com/author/Ernest-Hemingway/> from <GET https://quotes.toscrape.com/author/Ernest-Hemingway>
2022-01-23 04:22:43 [scrapy.core.scraper] DEBUG: Scraped from <200 http://quotes.toscrape.com/author/George-R-R-Martin/>

{'author': 'George R.R. Martin',
 'author_url': 'https://quotes.toscrape.com/author/George-R-R-Martin',
 'dob': 'September 20, 1948',
 'quote': '“A reader lives a thousand lives before he dies, said Jojen. The '
          'man who never reads lives only one.”'}
2022-01-23 04:22:43 [scrapy.core.scraper] DEBUG: Scraped from <200 http://quotes.toscrape.com/author/C-S-Lewis/>

{'author': 'C.S. Lewis',
 'author_url': 'https://quotes.toscrape.com/author/C-S-Lewis',
 'dob': 'November 29, 1898',
 'quote': '“You can never get a cup of tea large enough or a book long enough '
          'to suit me.”'}
2022-01-23 04:22:43 [scrapy.core.engine] DEBUG: Crawled (200) <GET https://quotes.toscrape.com/page/7/> (referer: https://quotes.toscrape.com/page/6/)
2022-01-23 04:22:43 [scrapy.downloadermiddlewares.redirect] DEBUG: Redirecting (308) to <GET http://quotes.toscrape.com/author/Haruki-Murakami/> from <GET https://quotes.toscrape.com/author/Haruki-Murakami>
2022-01-23 04:22:43 [scrapy.downloadermiddlewares.redirect] DEBUG: Redirecting (308) to <GET http://quotes.toscrape.com/author/George-Bernard-Shaw/> from <GET https://quotes.toscrape.com/author/George-Bernard-Shaw>
2022-01-23 04:22:44 [Author1] INFO: PROceesed author Charles Bukowski
2022-01-23 04:22:44 [Author1] INFO: PROceesed author Suzanne Collins
2022-01-23 04:22:44 [Author1] INFO: PROceesed author Suzanne Collins
2022-01-23 04:22:44 [Author1] INFO: PROceesed author C.S. Lewis
2022-01-23 04:22:44 [Author1] INFO: PROceesed author J.R.R. Tolkien
2022-01-23 04:22:44 [Author1] INFO: PROceesed author J.K. Rowling
2022-01-23 04:22:44 [Author1] INFO: PROceesed author Ernest Hemingway
2022-01-23 04:22:44 [Author1] INFO: PROceesed author Ralph Waldo Emerson
2022-01-23 04:22:44 [Author1] INFO: PROceesed author Mark Twain
2022-01-23 04:22:44 [Author1] INFO: PROceesed author Dr. Seuss
2022-01-23 04:22:44 [scrapy.core.engine] DEBUG: Crawled (200) <GET http://quotes.toscrape.com/author/Ernest-Hemingway/> (referer: None)
2022-01-23 04:22:44 [scrapy.core.engine] DEBUG: Crawled (200) <GET http://quotes.toscrape.com/author/Stephenie-Meyer/> (referer: None)
2022-01-23 04:22:44 [scrapy.core.engine] DEBUG: Crawled (200) <GET http://quotes.toscrape.com/author/Helen-Keller/> (referer: None)
2022-01-23 04:22:44 [scrapy.core.engine] DEBUG: Crawled (200) <GET http://quotes.toscrape.com/author/Alexandre-Dumas-fils/> (referer: None)
2022-01-23 04:22:44 [scrapy.core.scraper] DEBUG: Scraped from <200 http://quotes.toscrape.com/author/Ernest-Hemingway/>

{'author': 'Ernest Hemingway',
 'author_url': 'https://quotes.toscrape.com/author/Ernest-Hemingway',
 'dob': 'July 21, 1899',
 'quote': '“There is no friend as loyal as a book.”'}
2022-01-23 04:22:44 [scrapy.core.scraper] DEBUG: Scraped from <200 http://quotes.toscrape.com/author/Stephenie-Meyer/>

{'author': 'Stephenie Meyer',
 'author_url': 'https://quotes.toscrape.com/author/Stephenie-Meyer',
 'dob': 'December 24, 1973',
 'quote': "“He's like a drug for you, Bella.”"}
2022-01-23 04:22:44 [scrapy.core.scraper] DEBUG: Scraped from <200 http://quotes.toscrape.com/author/Helen-Keller/>

{'author': 'Helen Keller',
 'author_url': 'https://quotes.toscrape.com/author/Helen-Keller',
 'dob': 'June 27, 1880',
 'quote': '“When one door of happiness closes, another opens; but often we '
          'look so long at the closed door that we do not see the one which '
          'has been opened for us.”'}
2022-01-23 04:22:44 [scrapy.core.scraper] DEBUG: Scraped from <200 http://quotes.toscrape.com/author/Alexandre-Dumas-fils/>

{'author': 'Alexandre Dumas fils',
 'author_url': 'https://quotes.toscrape.com/author/Alexandre-Dumas-fils',
 'dob': 'July 27, 1824',
 'quote': '“The difference between genius and stupidity is: genius has its '
          'limits.”'}
2022-01-23 04:22:44 [scrapy.core.engine] DEBUG: Crawled (200) <GET http://quotes.toscrape.com/author/Haruki-Murakami/> (referer: None)
2022-01-23 04:22:44 [scrapy.core.scraper] DEBUG: Scraped from <200 http://quotes.toscrape.com/author/Haruki-Murakami/>

{'author': 'Haruki Murakami',
 'author_url': 'https://quotes.toscrape.com/author/Haruki-Murakami',
 'dob': 'January 12, 1949',
 'quote': '“If you only read the books that everyone else is reading, you can '
          'only think what everyone else is thinking.”'}
2022-01-23 04:22:44 [scrapy.downloadermiddlewares.redirect] DEBUG: Redirecting (308) to <GET http://quotes.toscrape.com/author/Suzanne-Collins/> from <GET https://quotes.toscrape.com/author/Suzanne-Collins>
2022-01-23 04:22:44 [scrapy.downloadermiddlewares.redirect] DEBUG: Redirecting (308) to <GET http://quotes.toscrape.com/author/Charles-Bukowski/> from <GET https://quotes.toscrape.com/author/Charles-Bukowski>
2022-01-23 04:22:44 [scrapy.downloadermiddlewares.redirect] DEBUG: Redirecting (308) to <GET http://quotes.toscrape.com/author/J-R-R-Tolkien/> from <GET https://quotes.toscrape.com/author/J-R-R-Tolkien>
2022-01-23 04:22:44 [scrapy.core.engine] DEBUG: Crawled (200) <GET https://quotes.toscrape.com/page/8/> (referer: https://quotes.toscrape.com/page/7/)
2022-01-23 04:22:44 [Author1] INFO: PROceesed author Alfred Tennyson
2022-01-23 04:22:44 [Author1] INFO: PROceesed author Charles Bukowski
2022-01-23 04:22:44 [Author1] INFO: PROceesed author Terry Pratchett
2022-01-23 04:22:44 [Author1] INFO: PROceesed author Dr. Seuss
2022-01-23 04:22:44 [Author1] INFO: PROceesed author J.D. Salinger
2022-01-23 04:22:44 [Author1] INFO: PROceesed author George Carlin
2022-01-23 04:22:44 [Author1] INFO: PROceesed author John Lennon
2022-01-23 04:22:44 [Author1] INFO: PROceesed author W.C. Fields
2022-01-23 04:22:44 [Author1] INFO: PROceesed author Ayn Rand
2022-01-23 04:22:44 [Author1] INFO: PROceesed author Mark Twain
2022-01-23 04:22:44 [scrapy.core.engine] DEBUG: Crawled (200) <GET http://quotes.toscrape.com/author/George-Bernard-Shaw/> (referer: None)
2022-01-23 04:22:44 [scrapy.core.engine] DEBUG: Crawled (200) <GET http://quotes.toscrape.com/author/Suzanne-Collins/> (referer: None)
2022-01-23 04:22:44 [scrapy.core.engine] DEBUG: Crawled (200) <GET http://quotes.toscrape.com/author/J-R-R-Tolkien/> (referer: None)
2022-01-23 04:22:44 [scrapy.core.engine] DEBUG: Crawled (200) <GET http://quotes.toscrape.com/author/Charles-Bukowski/> (referer: None)
2022-01-23 04:22:44 [scrapy.core.scraper] DEBUG: Scraped from <200 http://quotes.toscrape.com/author/George-Bernard-Shaw/>

{'author': 'George Bernard Shaw',
 'author_url': 'https://quotes.toscrape.com/author/George-Bernard-Shaw',
 'dob': 'July 26, 1856',
 'quote': "“Life isn't about finding yourself. Life is about creating "
          'yourself.”'}
2022-01-23 04:22:44 [scrapy.core.scraper] DEBUG: Scraped from <200 http://quotes.toscrape.com/author/Suzanne-Collins/>

{'author': 'Suzanne Collins',
 'author_url': 'https://quotes.toscrape.com/author/Suzanne-Collins',
 'dob': 'August 11, 1962',
 'quote': '“You don’t forget the face of the person who was your last hope.”'}
2022-01-23 04:22:44 [scrapy.core.scraper] DEBUG: Scraped from <200 http://quotes.toscrape.com/author/J-R-R-Tolkien/>

{'author': 'J.R.R. Tolkien',
 'author_url': 'https://quotes.toscrape.com/author/J-R-R-Tolkien',
 'dob': 'January 03, 1892',
 'quote': '“Not all those who wander are lost.”'}
2022-01-23 04:22:44 [scrapy.core.scraper] DEBUG: Scraped from <200 http://quotes.toscrape.com/author/Charles-Bukowski/>

{'author': 'Charles Bukowski',
 'author_url': 'https://quotes.toscrape.com/author/Charles-Bukowski',
 'dob': 'August 16, 1920',
 'quote': "“That's the problem with drinking, I thought, as I poured myself a "
          'drink. If something bad happens you drink in an attempt to forget; '
          'if something good happens you drink in order to celebrate; and if '
          'nothing happens you drink to make something happen.”'}
2022-01-23 04:22:44 [scrapy.downloadermiddlewares.redirect] DEBUG: Redirecting (308) to <GET http://quotes.toscrape.com/author/Alfred-Tennyson/> from <GET https://quotes.toscrape.com/author/Alfred-Tennyson>
2022-01-23 04:22:44 [scrapy.downloadermiddlewares.redirect] DEBUG: Redirecting (308) to <GET http://quotes.toscrape.com/author/George-Carlin/> from <GET https://quotes.toscrape.com/author/George-Carlin>
2022-01-23 04:22:44 [scrapy.downloadermiddlewares.redirect] DEBUG: Redirecting (308) to <GET http://quotes.toscrape.com/author/J-D-Salinger/> from <GET https://quotes.toscrape.com/author/J-D-Salinger>
2022-01-23 04:22:44 [scrapy.downloadermiddlewares.redirect] DEBUG: Redirecting (308) to <GET http://quotes.toscrape.com/author/Terry-Pratchett/> from <GET https://quotes.toscrape.com/author/Terry-Pratchett>
2022-01-23 04:22:44 [scrapy.core.engine] DEBUG: Crawled (200) <GET https://quotes.toscrape.com/page/9/> (referer: https://quotes.toscrape.com/page/8/)
2022-01-23 04:22:45 [scrapy.downloadermiddlewares.redirect] DEBUG: Redirecting (308) to <GET http://quotes.toscrape.com/author/Ayn-Rand/> from <GET https://quotes.toscrape.com/author/Ayn-Rand>
2022-01-23 04:22:45 [scrapy.downloadermiddlewares.redirect] DEBUG: Redirecting (308) to <GET http://quotes.toscrape.com/author/John-Lennon/> from <GET https://quotes.toscrape.com/author/John-Lennon>
2022-01-23 04:22:45 [scrapy.downloadermiddlewares.redirect] DEBUG: Redirecting (308) to <GET http://quotes.toscrape.com/author/W-C-Fields/> from <GET https://quotes.toscrape.com/author/W-C-Fields>
2022-01-23 04:22:45 [Author1] INFO: PROceesed author Albert Einstein
2022-01-23 04:22:45 [Author1] INFO: PROceesed author Jane Austen
2022-01-23 04:22:45 [Author1] INFO: PROceesed author J.K. Rowling
2022-01-23 04:22:45 [Author1] INFO: PROceesed author Jane Austen
2022-01-23 04:22:45 [Author1] INFO: PROceesed author Jane Austen
2022-01-23 04:22:45 [Author1] INFO: PROceesed author C.S. Lewis
2022-01-23 04:22:45 [Author1] INFO: PROceesed author C.S. Lewis
2022-01-23 04:22:45 [Author1] INFO: PROceesed author Mark Twain
2022-01-23 04:22:45 [Author1] INFO: PROceesed author Mark Twain
2022-01-23 04:22:45 [Author1] INFO: PROceesed author C.S. Lewis
2022-01-23 04:22:45 [scrapy.core.engine] DEBUG: Crawled (200) <GET http://quotes.toscrape.com/author/Alfred-Tennyson/> (referer: None)
2022-01-23 04:22:45 [scrapy.core.engine] DEBUG: Crawled (200) <GET http://quotes.toscrape.com/author/George-Carlin/> (referer: None)
2022-01-23 04:22:45 [scrapy.core.engine] DEBUG: Crawled (200) <GET http://quotes.toscrape.com/author/Terry-Pratchett/> (referer: None)
2022-01-23 04:22:45 [scrapy.core.engine] DEBUG: Crawled (200) <GET http://quotes.toscrape.com/author/J-D-Salinger/> (referer: None)
2022-01-23 04:22:45 [scrapy.core.scraper] DEBUG: Scraped from <200 http://quotes.toscrape.com/author/Alfred-Tennyson/>

{'author': 'Alfred Tennyson',
 'author_url': 'https://quotes.toscrape.com/author/Alfred-Tennyson',
 'dob': 'August 06, 1809',
 'quote': '“If I had a flower for every time I thought of you...I could walk '
          'through my garden forever.”'}
2022-01-23 04:22:45 [scrapy.core.scraper] DEBUG: Scraped from <200 http://quotes.toscrape.com/author/George-Carlin/>

{'author': 'George Carlin',
 'author_url': 'https://quotes.toscrape.com/author/George-Carlin',
 'dob': 'May 12, 1937',
 'quote': '“The reason I talk to myself is because I’m the only one whose '
          'answers I accept.”'}
2022-01-23 04:22:45 [scrapy.core.scraper] DEBUG: Scraped from <200 http://quotes.toscrape.com/author/J-D-Salinger/>

{'author': 'J.D. Salinger',
 'author_url': 'https://quotes.toscrape.com/author/J-D-Salinger',
 'dob': 'January 01, 1919',
 'quote': "“What really knocks me out is a book that, when you're all done "
          'reading it, you wish the author that wrote it was a terrific friend '
          'of yours and you could call him up on the phone whenever you felt '
          "like it. That doesn't happen much, though.”"}
2022-01-23 04:22:45 [scrapy.core.scraper] DEBUG: Scraped from <200 http://quotes.toscrape.com/author/Terry-Pratchett/>

{'author': 'Terry Pratchett',
 'author_url': 'https://quotes.toscrape.com/author/Terry-Pratchett',
 'dob': 'April 28, 1948',
 'quote': '“The trouble with having an open mind, of course, is that people '
          'will insist on coming along and trying to put things in it.”'}
2022-01-23 04:22:45 [scrapy.core.engine] DEBUG: Crawled (200) <GET http://quotes.toscrape.com/author/John-Lennon/> (referer: None)
2022-01-23 04:22:45 [scrapy.core.engine] DEBUG: Crawled (200) <GET http://quotes.toscrape.com/author/Ayn-Rand/> (referer: None)
2022-01-23 04:22:45 [scrapy.core.engine] DEBUG: Crawled (200) <GET http://quotes.toscrape.com/author/W-C-Fields/> (referer: None)
2022-01-23 04:22:45 [scrapy.core.engine] DEBUG: Crawled (200) <GET https://quotes.toscrape.com/page/10/> (referer: https://quotes.toscrape.com/page/9/)
2022-01-23 04:22:45 [scrapy.core.scraper] DEBUG: Scraped from <200 http://quotes.toscrape.com/author/John-Lennon/>

{'author': 'John Lennon',
 'author_url': 'https://quotes.toscrape.com/author/John-Lennon',
 'dob': 'October 09, 1940',
 'quote': "“You may say I'm a dreamer, but I'm not the only one. I hope "
          "someday you'll join us. And the world will live as one.”"}
2022-01-23 04:22:45 [scrapy.core.scraper] DEBUG: Scraped from <200 http://quotes.toscrape.com/author/Ayn-Rand/>

{'author': 'Ayn Rand',
 'author_url': 'https://quotes.toscrape.com/author/Ayn-Rand',
 'dob': 'February 02, 1905',
 'quote': "“The question isn't who is going to let me; it's who is going to "
          'stop me.”'}
2022-01-23 04:22:45 [scrapy.core.scraper] DEBUG: Scraped from <200 http://quotes.toscrape.com/author/W-C-Fields/>

{'author': 'W.C. Fields',
 'author_url': 'https://quotes.toscrape.com/author/W-C-Fields',
 'dob': 'January 29, 1880',
 'quote': '“I am free of all prejudice. I hate everyone equally. ”'}
2022-01-23 04:22:45 [Author1] INFO: PROceesed author J.K. Rowling
2022-01-23 04:22:45 [Author1] INFO: PROceesed author Jimi Hendrix
2022-01-23 04:22:45 [Author1] INFO: PROceesed author J.M. Barrie
2022-01-23 04:22:45 [Author1] INFO: PROceesed author E.E. Cummings
2022-01-23 04:22:45 [Author1] INFO: PROceesed author Khaled Hosseini
2022-01-23 04:22:45 [Author1] INFO: PROceesed author Harper Lee
2022-01-23 04:22:45 [Author1] INFO: PROceesed author Madeleine L'Engle
2022-01-23 04:22:45 [Author1] INFO: PROceesed author Mark Twain
2022-01-23 04:22:45 [Author1] INFO: PROceesed author Dr. Seuss
2022-01-23 04:22:45 [Author1] INFO: PROceesed author George R.R. Martin
2022-01-23 04:22:45 [scrapy.downloadermiddlewares.redirect] DEBUG: Redirecting (308) to <GET http://quotes.toscrape.com/author/E-E-Cummings/> from <GET https://quotes.toscrape.com/author/E-E-Cummings>
2022-01-23 04:22:45 [scrapy.downloadermiddlewares.redirect] DEBUG: Redirecting (308) to <GET http://quotes.toscrape.com/author/Madeleine-LEngle/> from <GET https://quotes.toscrape.com/author/Madeleine-LEngle>
2022-01-23 04:22:45 [scrapy.downloadermiddlewares.redirect] DEBUG: Redirecting (308) to <GET http://quotes.toscrape.com/author/J-M-Barrie/> from <GET https://quotes.toscrape.com/author/J-M-Barrie>
2022-01-23 04:22:45 [scrapy.downloadermiddlewares.redirect] DEBUG: Redirecting (308) to <GET http://quotes.toscrape.com/author/Harper-Lee/> from <GET https://quotes.toscrape.com/author/Harper-Lee>
2022-01-23 04:22:45 [scrapy.downloadermiddlewares.redirect] DEBUG: Redirecting (308) to <GET http://quotes.toscrape.com/author/Khaled-Hosseini/> from <GET https://quotes.toscrape.com/author/Khaled-Hosseini>
2022-01-23 04:22:45 [scrapy.downloadermiddlewares.redirect] DEBUG: Redirecting (308) to <GET http://quotes.toscrape.com/author/Jimi-Hendrix/> from <GET https://quotes.toscrape.com/author/Jimi-Hendrix>
2022-01-23 04:22:46 [scrapy.core.engine] DEBUG: Crawled (200) <GET http://quotes.toscrape.com/author/J-M-Barrie/> (referer: None)
2022-01-23 04:22:46 [scrapy.core.engine] DEBUG: Crawled (200) <GET http://quotes.toscrape.com/author/Madeleine-LEngle/> (referer: None)
2022-01-23 04:22:46 [scrapy.core.engine] DEBUG: Crawled (200) <GET http://quotes.toscrape.com/author/E-E-Cummings/> (referer: None)
2022-01-23 04:22:46 [scrapy.core.engine] DEBUG: Crawled (200) <GET http://quotes.toscrape.com/author/Harper-Lee/> (referer: None)
2022-01-23 04:22:46 [scrapy.core.engine] DEBUG: Crawled (200) <GET http://quotes.toscrape.com/author/Khaled-Hosseini/> (referer: None)
2022-01-23 04:22:46 [scrapy.core.engine] DEBUG: Crawled (200) <GET http://quotes.toscrape.com/author/Jimi-Hendrix/> (referer: None)
2022-01-23 04:22:46 [scrapy.core.scraper] DEBUG: Scraped from <200 http://quotes.toscrape.com/author/J-M-Barrie/>

{'author': 'J.M. Barrie',
 'author_url': 'https://quotes.toscrape.com/author/J-M-Barrie',
 'dob': 'May 09, 1860',
 'quote': '“To die will be an awfully big adventure.”'}
2022-01-23 04:22:46 [scrapy.core.scraper] DEBUG: Scraped from <200 http://quotes.toscrape.com/author/E-E-Cummings/>

{'author': 'E.E. Cummings',
 'author_url': 'https://quotes.toscrape.com/author/E-E-Cummings',
 'dob': 'October 14, 1894',
 'quote': '“It takes courage to grow up and become who you really are.”'}
2022-01-23 04:22:46 [scrapy.core.scraper] DEBUG: Scraped from <200 http://quotes.toscrape.com/author/Harper-Lee/>

{'author': 'Harper Lee',
 'author_url': 'https://quotes.toscrape.com/author/Harper-Lee',
 'dob': 'April 28, 1926',
 'quote': '“You never really understand a person until you consider things '
          'from his point of view... Until you climb inside of his skin and '
          'walk around in it.”'}
2022-01-23 04:22:46 [scrapy.core.scraper] DEBUG: Scraped from <200 http://quotes.toscrape.com/author/Madeleine-LEngle/>

{'author': "Madeleine L'Engle",
 'author_url': 'https://quotes.toscrape.com/author/Madeleine-LEngle',
 'dob': 'November 29, 1918',
 'quote': '“You have to write the book that wants to be written. And if the '
          'book will be too difficult for grown-ups, then you write it for '
          'children.”'}
2022-01-23 04:22:46 [scrapy.core.scraper] DEBUG: Scraped from <200 http://quotes.toscrape.com/author/Khaled-Hosseini/>

{'author': 'Khaled Hosseini',
 'author_url': 'https://quotes.toscrape.com/author/Khaled-Hosseini',
 'dob': 'March 04, 1965',
 'quote': '“But better to get hurt by the truth than comforted with a lie.”'}
2022-01-23 04:22:46 [scrapy.core.scraper] DEBUG: Scraped from <200 http://quotes.toscrape.com/author/Jimi-Hendrix/>

{'author': 'Jimi Hendrix',
 'author_url': 'https://quotes.toscrape.com/author/Jimi-Hendrix',
 'dob': 'November 27, 1942',
 'quote': "“I'm the one that's got to die when it's time for me to die, so let "
          'me live my life the way I want to.”'}
2022-01-23 04:22:46 [scrapy.core.engine] INFO: Closing spider (finished)
2022-01-23 04:22:46 [scrapy.extensions.feedexport] INFO: Stored jl feed (50 items) in: Author1.jl
2022-01-23 04:22:46 [scrapy.statscollectors] INFO: Dumping Scrapy stats:
{'downloader/request_bytes': 29154,
 'downloader/request_count': 111,
 'downloader/request_method_count/GET': 111,
 'downloader/response_bytes': 141051,
 'downloader/response_count': 111,
 'downloader/response_status_count/200': 60,
 'downloader/response_status_count/308': 50,
 'downloader/response_status_count/404': 1,
 'dupefilter/filtered': 50,
 'elapsed_time_seconds': 10.719454,
 'feedexport/success_count/FileFeedStorage': 1,
 'finish_reason': 'finished',
 'finish_time': datetime.datetime(2022, 1, 23, 12, 22, 46, 320513),
 'httpcompression/response_bytes': 278359,
 'httpcompression/response_count': 60,
 'item_scraped_count': 50,
 'log_count/DEBUG': 162,
 'log_count/INFO': 111,
 'request_depth_max': 10,
 'response_received_count': 61,
 'robotstxt/request_count': 1,
 'robotstxt/response_count': 1,
 'robotstxt/response_status_count/404': 1,
 'scheduler/dequeued': 110,
 'scheduler/dequeued/memory': 110,
 'scheduler/enqueued': 110,
 'scheduler/enqueued/memory': 110,
 'start_time': datetime.datetime(2022, 1, 23, 12, 22, 35, 601059)}
2022-01-23 04:22:46 [scrapy.core.engine] INFO: Spider closed (finished)
